#1 [internal] load build definition from Dockerfile
#1 transferring dockerfile: 32B done
#1 DONE 0.0s

#2 [internal] load .dockerignore
#2 transferring context: 34B done
#2 DONE 0.0s

#3 [internal] load metadata for docker.io/library/node:20-alpine
#3 ...

#4 [builder 1/5] FROM docker.io/library/node:20-alpine@sha256:09e2b3d9726018aecf269bd35325f46bf75046a643a66d28360ec71132750ec8
#4 DONE 0.0s

#5 [builder 2/5] WORKDIR /app
#5 CACHED

#6 [internal] load build context
#6 transferring context: 24.76kB 0.0s done
#6 DONE 0.0s

#3 [internal] load metadata for docker.io/library/node:20-alpine
#3 ...

#7 [builder 3/5] COPY . .
#7 DONE 0.0s

#8 [builder 4/5] RUN npm install
#8 3.744 npm warn deprecated rimraf@2.7.1: Rimraf versions prior to v4 are no longer supported
#8 5.817 npm warn deprecated inflight@1.0.6: This module is not supported, and leaks memory. Do not use it. Check out lru-cache if you want a good and tested way to coalesce async requests by a key value, which is much more comprehensive and powerful.
#8 6.131 npm warn deprecated glob@7.2.3: Old versions of glob are not supported, and contain widely publicized security vulnerabilities, which have been fixed in the current version. Please update. Support for old versions may be purchased (at exorbitant rates) by contacting i@izs.me
#8 12.51 
#8 12.51 added 669 packages, and audited 675 packages in 12s
#8 12.51 
#8 12.51 96 packages are looking for funding
#8 12.51   run `npm fund` for details
#8 12.51 
#8 12.51 found 0 vulnerabilities
#8 12.52 npm notice
#8 12.52 npm notice New major version of npm available! 10.8.2 -> 11.10.0
#8 12.52 npm notice Changelog: https://github.com/npm/cli/releases/tag/v11.10.0
#8 12.52 npm notice To update run: npm install -g npm@11.10.0
#8 12.52 npm notice
#8 DONE 13.1s

#9 [builder 5/5] RUN npm run build --workspace=@lumen/server
#9 0.744 
#9 0.744 > @lumen/server@1.0.0 build
#9 0.744 > tsc
#9 0.744 
#9 DONE 2.8s

#3 [internal] load metadata for docker.io/library/node:20-alpine
#3 ...

#10 [runner 3/6] COPY --from=builder /app/package.json .
#10 DONE 0.0s

#11 [runner 4/6] COPY --from=builder /app/node_modules ./node_modules
#11 DONE 1.9s

#3 [internal] load metadata for docker.io/library/node:20-alpine
#3 ...

#12 [runner 5/6] COPY --from=builder /app/apps/server/dist ./apps/server/dist
#12 DONE 0.1s

#13 [runner 6/6] COPY --from=builder /app/apps/server/package.json ./apps/server/package.json
#13 DONE 0.0s

#14 exporting to image
#14 exporting layers
#14 exporting layers 2.0s done
#14 writing image sha256:29a768a1ddc68defc60dd84763602030078476ad3fbdf8ab3f86789f85fee882 done
#14 naming to docker.io/library/lumen-lumen-server done
#14 DONE 2.1s

#3 [internal] load metadata for docker.io/library/node:20-alpine

Use 'docker scan' to run Snyk tests against images to find vulnerabilities and learn how to fix them
